+show logging
logging debugredirect:  off: Debug output will go to both the screen and the log file.
logging enabled:  on: Logging is enabled.
logging file:  The current logfile is "treasure_hunt.log".
logging overwrite:  off: Logging appends to the log file.
logging redirect:  off: Output will go to both the screen and the log file.
+r 0 0 0 0
Starting program: /home/classes/cs223/class/rodriguez.mateo.mtr39/Lab 1B/treasure_hunt 0 0 0 0

This GDB supports auto-downloading debuginfo from the following URLs:
  <https://debuginfod.ubuntu.com>
Debuginfod has been enabled.
To make this setting permanent, add 'set debuginfod enabled on' to .gdbinit.
[Thread debugging using libthread_db enabled]
Using host libthread_db library "/lib/x86_64-linux-gnu/libthread_db.so.1".
[Inferior 1 (process 237762) exited with code 01]
+r 0 0 0 0 0
Starting program: /home/classes/cs223/class/rodriguez.mateo.mtr39/Lab 1B/treasure_hunt 0 0 0 0 0
[Thread debugging using libthread_db enabled]
Using host libthread_db library "/lib/x86_64-linux-gnu/libthread_db.so.1".
[Inferior 1 (process 237970) exited with code 01]
+break main
Breakpoint 1 at 0x55555555568c: file treasure_hunt.c, line 108.
+r 0 0 0 0 0
Starting program: /home/classes/cs223/class/rodriguez.mateo.mtr39/Lab 1B/treasure_hunt 0 0 0 0 0
[Thread debugging using libthread_db enabled]
Using host libthread_db library "/lib/x86_64-linux-gnu/libthread_db.so.1".

Breakpoint 1, main (argc=6, argv=0x7fffffffda18) at treasure_hunt.c:108
108	    if (!count_cargo(argc))
+s
count_cargo (count=6) at treasure_hunt.c:9
9	    if (count != 6)
+s
13	    return 1;
+s
14	}
+s
main (argc=6, argv=0x7fffffffda18) at treasure_hunt.c:112
112	    decrypt_treasure_map(argv);
+l
107	{
108	    if (!count_cargo(argc))
109	    {
110	        walk_the_plank(0, "Yer `arrrrgc` is off! We're lookin' for five secrets!");
111	    }
112	    decrypt_treasure_map(argv);
113	
114	    return 0;
115	}
+s
decrypt_treasure_map (argv=0x7fffffffda18) at treasure_hunt.c:53
53	{
+s
54	    keys k = the_keys();
+l
49	    exit(1);
50	}
51	
52	void decrypt_treasure_map(char *argv[])
53	{
54	    keys k = the_keys();
55	    if (!check_shipmate_list(argv[1]))
56	    {
57	        walk_the_plank(1, "A pirate's name must be from our crew! Ye must find the right one.");
58	    }
+s
55	    if (!check_shipmate_list(argv[1]))
+s
check_shipmate_list (name=0x7fffffffddb2 "0") at treasure_hunt.c:17
17	{
+l
12	    }
13	    return 1;
14	}
15	
16	int check_shipmate_list(const char *name)
17	{
18	    keys k = the_keys();
19	    for (int i = 0; i < NUM_CREW; i++)
20	    {
21	        if (strcmp(name, k.crew[i]) == 0)
+l
22	        {
23	            return 1;
24	        }
25	    }
26	    return 0;
27	}
28	
29	int find_quartermaster(const char *name)
30	{
31	    keys k = the_keys();
+s
18	    keys k = the_keys();
+s
19	    for (int i = 0; i < NUM_CREW; i++)
+print i
$1 = 21845
+s
21	        if (strcmp(name, k.crew[i]) == 0)
+print i
$2 = 0
+print k
$3 = {day_of_the_tide = 5, crew = {0x555555556320 "Ozan", 0x555555556325 "Alan", 0x55555555632a "Andrea", 0x555555556331 "Angelica", 0x55555555633a "Caleb", 0x555555556340 "Diana", 0x555555556346 "Marcus", 0x55555555634d "Kevin", 0x555555556353 "Noah", 0x555555556358 "Denise", 0x55555555635f "Quentin", 0x55555555634d "Kevin", 0x555555556367 "James", 0x55555555636d "Joseph", 0x555555556374 "Ethan", 0x55555555637a "Itamar", 0x555555556381 "Ephraim", 0x555555556389 "Rishi"}, correct_index = 1, west_point = -72.924620000000004, era_of_destiny = 2026, celestial_moon = 2, north_point = 41.312330000000003, passageway_key = 419}
+s
Download failed: Invalid argument.  Continuing without source file ./string/../sysdeps/x86_64/multiarch/strcmp-evex.S.
__strcmp_evex () at ../sysdeps/x86_64/multiarch/strcmp-evex.S:229
warning: 229	../sysdeps/x86_64/multiarch/strcmp-evex.S: No such file or directory
+s
304	in ../sysdeps/x86_64/multiarch/strcmp-evex.S
+s
305	in ../sysdeps/x86_64/multiarch/strcmp-evex.S
+s
307	in ../sysdeps/x86_64/multiarch/strcmp-evex.S
+s
309	in ../sysdeps/x86_64/multiarch/strcmp-evex.S
+s
310	in ../sysdeps/x86_64/multiarch/strcmp-evex.S
+s
1152	in ../sysdeps/x86_64/multiarch/strcmp-evex.S
+s
1153	in ../sysdeps/x86_64/multiarch/strcmp-evex.S
+s
1156	in ../sysdeps/x86_64/multiarch/strcmp-evex.S
+s
1157	in ../sysdeps/x86_64/multiarch/strcmp-evex.S
+s
1158	in ../sysdeps/x86_64/multiarch/strcmp-evex.S
+s
1159	in ../sysdeps/x86_64/multiarch/strcmp-evex.S
+s
1161	in ../sysdeps/x86_64/multiarch/strcmp-evex.S
+s
1164	in ../sysdeps/x86_64/multiarch/strcmp-evex.S
+s
1165	in ../sysdeps/x86_64/multiarch/strcmp-evex.S
+s
1169	in ../sysdeps/x86_64/multiarch/strcmp-evex.S
+s
1170	in ../sysdeps/x86_64/multiarch/strcmp-evex.S
+s
314	in ../sysdeps/x86_64/multiarch/strcmp-evex.S
+s
315	in ../sysdeps/x86_64/multiarch/strcmp-evex.S
+s
318	in ../sysdeps/x86_64/multiarch/strcmp-evex.S
+s
319	in ../sysdeps/x86_64/multiarch/strcmp-evex.S
+s
331	in ../sysdeps/x86_64/multiarch/strcmp-evex.S
+s
332	in ../sysdeps/x86_64/multiarch/strcmp-evex.S
+s
336	in ../sysdeps/x86_64/multiarch/strcmp-evex.S
+s
346	in ../sysdeps/x86_64/multiarch/strcmp-evex.S
+s
355	in ../sysdeps/x86_64/multiarch/strcmp-evex.S
+s
359	in ../sysdeps/x86_64/multiarch/strcmp-evex.S
+s
362	in ../sysdeps/x86_64/multiarch/strcmp-evex.S
+s
check_shipmate_list (name=0x7fffffffddb2 "0") at treasure_hunt.c:19
19	    for (int i = 0; i < NUM_CREW; i++)
+s
21	        if (strcmp(name, k.crew[i]) == 0)
+s
Download failed: Invalid argument.  Continuing without source file ./string/../sysdeps/x86_64/multiarch/strcmp-evex.S.
__strcmp_evex () at ../sysdeps/x86_64/multiarch/strcmp-evex.S:229
warning: 229	../sysdeps/x86_64/multiarch/strcmp-evex.S: No such file or directory
+q
+show logging
logging debugredirect:  off: Debug output will go to both the screen and the log file.
logging enabled:  on: Logging is enabled.
logging file:  The current logfile is "treasure_hunt.log".
logging overwrite:  off: Logging appends to the log file.
logging redirect:  off: Output will go to both the screen and the log file.
+r Alan 0 0 0 0
Starting program: /home/classes/cs223/class/rodriguez.mateo.mtr39/Lab 1B/treasure_hunt Alan 0 0 0 0

This GDB supports auto-downloading debuginfo from the following URLs:
  <https://debuginfod.ubuntu.com>
Debuginfod has been enabled.
To make this setting permanent, add 'set debuginfod enabled on' to .gdbinit.
Downloading separate debug info for system-supplied DSO at 0x7ffff7fc3000

[###                                                                                                  ]
                                                                                                         
[Thread debugging using libthread_db enabled]
Using host libthread_db library "/lib/x86_64-linux-gnu/libthread_db.so.1".
[Inferior 1 (process 249164) exited with code 01]
+break main
Breakpoint 1 at 0x55555555568c: file treasure_hunt.c, line 108.
+s
The program is not being run.
+r Alan 0 0 0 0
Starting program: /home/classes/cs223/class/rodriguez.mateo.mtr39/Lab 1B/treasure_hunt Alan 0 0 0 0
[Thread debugging using libthread_db enabled]
Using host libthread_db library "/lib/x86_64-linux-gnu/libthread_db.so.1".

Breakpoint 1, main (argc=6, argv=0x7fffffffda18) at treasure_hunt.c:108
108	    if (!count_cargo(argc))
+r
Program not restarted.
+r Alan 0 0 0 0
Starting program: /home/classes/cs223/class/rodriguez.mateo.mtr39/Lab 1B/treasure_hunt Alan 0 0 0 0
[Thread debugging using libthread_db enabled]
Using host libthread_db library "/lib/x86_64-linux-gnu/libthread_db.so.1".

Breakpoint 1, main (argc=6, argv=0x7fffffffda18) at treasure_hunt.c:108
108	    if (!count_cargo(argc))
+c
Continuing.
[Inferior 1 (process 249765) exited with code 01]
+r Alan 0 0 0 0
Starting program: /home/classes/cs223/class/rodriguez.mateo.mtr39/Lab 1B/treasure_hunt Alan 0 0 0 0
[Thread debugging using libthread_db enabled]
Using host libthread_db library "/lib/x86_64-linux-gnu/libthread_db.so.1".

Breakpoint 1, main (argc=6, argv=0x7fffffffda18) at treasure_hunt.c:108
108	    if (!count_cargo(argc))
+l
103	    printf("Huzzah! Ye've found the treasure! Welcome to the crew, matey!\n");
104	}
105	
106	int main(int argc, char *argv[])
107	{
108	    if (!count_cargo(argc))
109	    {
110	        walk_the_plank(0, "Yer `arrrrgc` is off! We're lookin' for five secrets!");
111	    }
112	    decrypt_treasure_map(argv);
+l
113	
114	    return 0;
115	}
+l
End of the file was already reached, use "list ." to list the current location again
+info break
Num     Type           Disp Enb Address            What
1       breakpoint     keep y   0x000055555555568c in main at treasure_hunt.c:108
	breakpoint already hit 1 time
+break decrypt_treasure_map
Breakpoint 2 at 0x55555555540c: file treasure_hunt.c, line 53.
+info break
Num     Type           Disp Enb Address            What
1       breakpoint     keep y   0x000055555555568c in main at treasure_hunt.c:108
	breakpoint already hit 1 time
2       breakpoint     keep y   0x000055555555540c in decrypt_treasure_map at treasure_hunt.c:53
+del 1
+info break
Num     Type           Disp Enb Address            What
2       breakpoint     keep y   0x000055555555540c in decrypt_treasure_map at treasure_hunt.c:53
+c
Continuing.

Breakpoint 2, decrypt_treasure_map (argv=0x7fffffffda18) at treasure_hunt.c:53
53	{
+l
48	    }
49	    exit(1);
50	}
51	
52	void decrypt_treasure_map(char *argv[])
53	{
54	    keys k = the_keys();
55	    if (!check_shipmate_list(argv[1]))
56	    {
57	        walk_the_plank(1, "A pirate's name must be from our crew! Ye must find the right one.");
+l
58	    }
59	    if (!find_quartermaster(argv[1]))
60	    {
61	        walk_the_plank(1, "Arrr! That pirate is a great leader, but not the one holding this particular key to the treasure!");
62	    }
63	
64	    int secret_passage = atoi(argv[2]);
65	    int key = k.passageway_key;
66	
67	    if (secret_passage != key)
+print key
$1 = 64
+l
68	    {
69	        walk_the_plank(2, "Ye seem to have entered the wrong passage...The map shows a different value.");
70	    }
71	
72	    char date_string[DATE_LENGTH + 1];
73	    int input_length = strlen(argv[3]);
74	    if (input_length > DATE_LENGTH)
75	    {
76	        walk_the_plank(3, "Arrr! Ye input be too long for our scrolls! Try a shorter one.");
77	    }
+print DATE_LENGTH
No symbol "DATE_LENGTH" in current context.
+print date_string
$2 = "\000\000\000\000\000\000\000\000\000\000"
+print sizeof(date_string)
$3 = 11
+l
78	    else if (input_length < DATE_LENGTH - 2)
79	    {
80	        walk_the_plank(3, "Ye input be too short for our scrolls! Try a longer one.");
81	    }
82	    strcpy(date_string, argv[3]);
83	
84	    int a, b, c;
85	    sscanf(date_string, "%d/%d/%d", &a, &b, &c);
86	    if (a != k.celestial_moon || b != k.day_of_the_tide || c != k.era_of_destiny)
87	    {
+l
88	        walk_the_plank(3, "Ye third input is not of the great event ye seek. The future day's count is off!");
89	    }
90	
91	    double lat = atof(argv[4]);
92	    double lon = atof(argv[5]);
93	
94	    if (lat != k.north_point)
95	    {
96	        walk_the_plank(4, "Arrr! The first star you've chosen does not lead to our treasure. Ye must be mistaken.");
97	    }
+l
98	    if (lon != k.west_point)
99	    {
100	        walk_the_plank(5, "Blimey! The second star ye've chosen is off course. Adjust yer sails and try again.");
101	    }
102	
103	    printf("Huzzah! Ye've found the treasure! Welcome to the crew, matey!\n");
104	}
105	
106	int main(int argc, char *argv[])
107	{
+c
Continuing.
[Inferior 1 (process 249857) exited with code 01]
+info break
Num     Type           Disp Enb Address            What
2       breakpoint     keep y   0x000055555555540c in decrypt_treasure_map at treasure_hunt.c:53
	breakpoint already hit 1 time
+del 2
+c
The program is not being run.
+r Alan 64 0 0 0
Starting program: /home/classes/cs223/class/rodriguez.mateo.mtr39/Lab 1B/treasure_hunt Alan 64 0 0 0
[Thread debugging using libthread_db enabled]
Using host libthread_db library "/lib/x86_64-linux-gnu/libthread_db.so.1".
[Inferior 1 (process 253676) exited with code 01]
+r Alan 64 0 0 0
Starting program: /home/classes/cs223/class/rodriguez.mateo.mtr39/Lab 1B/treasure_hunt Alan 64 0 0 0
[Thread debugging using libthread_db enabled]
Using host libthread_db library "/lib/x86_64-linux-gnu/libthread_db.so.1".
[Inferior 1 (process 253754) exited with code 01]
+break decrypt_treasure_map
Breakpoint 3 at 0x55555555540c: file treasure_hunt.c, line 53.
+l
108	    if (!count_cargo(argc))
109	    {
110	        walk_the_plank(0, "Yer `arrrrgc` is off! We're lookin' for five secrets!");
111	    }
112	    decrypt_treasure_map(argv);
113	
114	    return 0;
115	}
+c
The program is not being run.
+r Alan 64 0 0 0
Starting program: /home/classes/cs223/class/rodriguez.mateo.mtr39/Lab 1B/treasure_hunt Alan 64 0 0 0
[Thread debugging using libthread_db enabled]
Using host libthread_db library "/lib/x86_64-linux-gnu/libthread_db.so.1".

Breakpoint 3, decrypt_treasure_map (argv=0x7fffffffda18) at treasure_hunt.c:53
53	{
+l
48	    }
49	    exit(1);
50	}
51	
52	void decrypt_treasure_map(char *argv[])
53	{
54	    keys k = the_keys();
55	    if (!check_shipmate_list(argv[1]))
56	    {
57	        walk_the_plank(1, "A pirate's name must be from our crew! Ye must find the right one.");
+l
58	    }
59	    if (!find_quartermaster(argv[1]))
60	    {
61	        walk_the_plank(1, "Arrr! That pirate is a great leader, but not the one holding this particular key to the treasure!");
62	    }
63	
64	    int secret_passage = atoi(argv[2]);
65	    int key = k.passageway_key;
66	
67	    if (secret_passage != key)
+l
68	    {
69	        walk_the_plank(2, "Ye seem to have entered the wrong passage...The map shows a different value.");
70	    }
71	
72	    char date_string[DATE_LENGTH + 1];
73	    int input_length = strlen(argv[3]);
74	    if (input_length > DATE_LENGTH)
75	    {
76	        walk_the_plank(3, "Arrr! Ye input be too long for our scrolls! Try a shorter one.");
77	    }
+c
Continuing.
[Inferior 1 (process 254181) exited with code 01]
+info break
Num     Type           Disp Enb Address            What
3       breakpoint     keep y   0x000055555555540c in decrypt_treasure_map at treasure_hunt.c:53
	breakpoint already hit 1 time
+del 3
+r Alan 419 0 0 0
Starting program: /home/classes/cs223/class/rodriguez.mateo.mtr39/Lab 1B/treasure_hunt Alan 419 0 0 0
[Thread debugging using libthread_db enabled]
Using host libthread_db library "/lib/x86_64-linux-gnu/libthread_db.so.1".
[Inferior 1 (process 254663) exited with code 01]
+r Alan 419 2/5/2026 0 0
Starting program: /home/classes/cs223/class/rodriguez.mateo.mtr39/Lab 1B/treasure_hunt Alan 419 2/5/2026 0 0
Downloading separate debug info for system-supplied DSO at 0x7ffff7fc3000

[###                                                                                                  ]
                                                                                                         
[Thread debugging using libthread_db enabled]
Using host libthread_db library "/lib/x86_64-linux-gnu/libthread_db.so.1".
[Inferior 1 (process 255055) exited with code 01]
+r Alan 419 2/5/2026 41.312330000000003 -72.924620000000004
Starting program: /home/classes/cs223/class/rodriguez.mateo.mtr39/Lab 1B/treasure_hunt Alan 419 2/5/2026 41.312330000000003 -72.924620000000004
[Thread debugging using libthread_db enabled]
Using host libthread_db library "/lib/x86_64-linux-gnu/libthread_db.so.1".
[Inferior 1 (process 255307) exited normally]
+r Alan 419 2/5/2026 41.312330000000003 -72.924620000000004
Starting program: /home/classes/cs223/class/rodriguez.mateo.mtr39/Lab 1B/treasure_hunt Alan 419 2/5/2026 41.312330000000003 -72.924620000000004
[Thread debugging using libthread_db enabled]
Using host libthread_db library "/lib/x86_64-linux-gnu/libthread_db.so.1".
[Inferior 1 (process 255427) exited normally]
+q
